
[1;33m==================== ЗАПУСК СКРИПТА СИНХРОНИЗАЦИИ S3 ====================[0m

[1;33m==================== ШАГ 1: НАСТРОЙКА ПЕРЕМЕННЫХ ====================[0m
[0;34m[INFO][0m  [01:52:05] Читаем переменные из файла: /home/yaa/NKO/scripts/../backend/.env
[0;32m[OK][0m    [01:52:05] Настройка завершена. API endpoint: 0.0.0.0:80/api

[1;33m==================== ШАГ 2: ПРОВЕРКА ДОСТУПНОСТИ API ====================[0m
[0;34m[INFO][0m  [01:52:05] Проверяю URL: 0.0.0.0:80/api/s3/health
[0;32m[OK][0m    [01:52:05] API сервер доступен.

[1;33m==================== ШАГ 3: СИНХРОНИЗАЦИЯ ПАПОК И БАКЕТОВ ====================[0m
[0;34m[INFO][0m  [01:52:05] --- Начало работы с бакетом: 'docs' ---
[0;34m[INFO][0m  [01:52:05] Получаем список существующих файлов в бакете...
[0;34m[INFO][0m  [01:52:05] Найдено 0 файлов в бакете.
[0;34m[INFO][0m  [01:52:05] Поиск и загрузка новых файлов из '/home/yaa/NKO/scripts/../s3init/docs'...
[0;34m[INFO][0m  [01:52:05]   -> Загрузка: 'photo_2025-10-16 15.38.32.jpeg'
[0;31m[ERROR][0m [01:52:05]     Ошибка загрузки 'photo_2025-10-16 15.38.32.jpeg'. Ответ сервера:
{"detail":"Internal server error"}
HTTP_CODE:500
[0;32m[OK][0m    [01:52:05] Бакет 'docs': загружено 0 новых файлов, пропущено 0 существующих.
[0;34m[INFO][0m  [01:52:05] --- Начало работы с бакетом: 'event-pics' ---
[0;34m[INFO][0m  [01:52:05] Получаем список существующих файлов в бакете...
[0;34m[INFO][0m  [01:52:05] Найдено 0 файлов в бакете.
[0;34m[INFO][0m  [01:52:05] Поиск и загрузка новых файлов из '/home/yaa/NKO/scripts/../s3init/event-pics'...
[0;34m[INFO][0m  [01:52:05]   -> Загрузка: 'photo_2025-10-16 15.38.32.jpeg'
[0;31m[ERROR][0m [01:52:05]     Ошибка загрузки 'photo_2025-10-16 15.38.32.jpeg'. Ответ сервера:
{"detail":"Internal server error"}
HTTP_CODE:500
[0;32m[OK][0m    [01:52:05] Бакет 'event-pics': загружено 0 новых файлов, пропущено 0 существующих.
[0;34m[INFO][0m  [01:52:05] --- Начало работы с бакетом: 'news-pics' ---
[0;34m[INFO][0m  [01:52:05] Получаем список существующих файлов в бакете...
[0;34m[INFO][0m  [01:52:05] Найдено 0 файлов в бакете.
[0;34m[INFO][0m  [01:52:05] Поиск и загрузка новых файлов из '/home/yaa/NKO/scripts/../s3init/news-pics'...
[0;34m[INFO][0m  [01:52:05]   -> Загрузка: 'photo_2025-10-16 15.38.32.jpeg'
[0;31m[ERROR][0m [01:52:05]     Ошибка загрузки 'photo_2025-10-16 15.38.32.jpeg'. Ответ сервера:
{"detail":"Internal server error"}
HTTP_CODE:500
[0;32m[OK][0m    [01:52:05] Бакет 'news-pics': загружено 0 новых файлов, пропущено 0 существующих.
[0;34m[INFO][0m  [01:52:05] --- Начало работы с бакетом: 'nko-logo' ---
[0;34m[INFO][0m  [01:52:05] Получаем список существующих файлов в бакете...
[0;34m[INFO][0m  [01:52:05] Найдено 0 файлов в бакете.
[0;34m[INFO][0m  [01:52:05] Поиск и загрузка новых файлов из '/home/yaa/NKO/scripts/../s3init/nko-logo'...
[0;34m[INFO][0m  [01:52:05]   -> Загрузка: 'photo_2025-10-16 15.38.32.jpeg'
[0;31m[ERROR][0m [01:52:05]     Ошибка загрузки 'photo_2025-10-16 15.38.32.jpeg'. Ответ сервера:
{"detail":"Internal server error"}
HTTP_CODE:500
[0;32m[OK][0m    [01:52:05] Бакет 'nko-logo': загружено 0 новых файлов, пропущено 0 существующих.
[0;34m[INFO][0m  [01:52:05] --- Начало работы с бакетом: 'userpic' ---
[0;34m[INFO][0m  [01:52:05] Получаем список существующих файлов в бакете...
[0;34m[INFO][0m  [01:52:05] Найдено 0 файлов в бакете.
[0;34m[INFO][0m  [01:52:05] Поиск и загрузка новых файлов из '/home/yaa/NKO/scripts/../s3init/userpic'...
[0;34m[INFO][0m  [01:52:05]   -> Загрузка: 'photo_2025-10-16 15.38.32.jpeg'
[0;31m[ERROR][0m [01:52:05]     Ошибка загрузки 'photo_2025-10-16 15.38.32.jpeg'. Ответ сервера:
{"detail":"Internal server error"}
HTTP_CODE:500
[0;32m[OK][0m    [01:52:05] Бакет 'userpic': загружено 0 новых файлов, пропущено 0 существующих.
[0;34m[INFO][0m  [01:52:05] --- Начало работы с бакетом: 'videos' ---
[0;34m[INFO][0m  [01:52:05] Получаем список существующих файлов в бакете...
[0;34m[INFO][0m  [01:52:05] Найдено 0 файлов в бакете.
[0;34m[INFO][0m  [01:52:05] Поиск и загрузка новых файлов из '/home/yaa/NKO/scripts/../s3init/videos'...
[0;34m[INFO][0m  [01:52:05]   -> Загрузка: 'photo_2025-10-16 15.38.32.jpeg'
[0;31m[ERROR][0m [01:52:05]     Ошибка загрузки 'photo_2025-10-16 15.38.32.jpeg'. Ответ сервера:
{"detail":"Internal server error"}
HTTP_CODE:500
[0;32m[OK][0m    [01:52:05] Бакет 'videos': загружено 0 новых файлов, пропущено 0 существующих.

[1;33m==================== РАБОТА ЗАВЕРШЕНА ====================[0m
[0;32m[OK][0m    [01:52:05] Скрипт успешно отработал.
