==========================================================
[0;34m[INFO][0m  [00:05:53] Запуск скрипта для загрузки логотипов Росатома
==========================================================
[0;34m[INFO][0m  [00:05:53] Шаг 1: Настраиваем переменные...
[0;34m[INFO][0m  [00:05:53] Читаем переменные из файла: /home/yaa/NKO/scripts/../backend/.env
[0;32m[OK][0m    [00:05:53] Настройка завершена. API: http://localhost:80/api, Бакет: nko-logo
[0;34m[INFO][0m  [00:05:53] Шаг 2: Проверяем, доступен ли сервер API...
[0;32m[OK][0m    [00:05:53] API сервер доступен по адресу http://localhost:80/api/s3/health
[0;34m[INFO][0m  [00:05:53] Шаг 3: Ищем файлы логотипов на диске...
[0;34m[INFO][0m  [00:05:53]   [+] Найден: LOGO_ROSATOM_rus_HOR_COLOR_PNG.png
[0;34m[INFO][0m  [00:05:53]   [+] Найден: LOGO_ROSATOM_rus_HOR_WHITE_PNG.png
[0;34m[INFO][0m  [00:05:53]   [+] Найден: LOGO_ROSATOM_rus_VERT_COLOR_PNG.png
[0;34m[INFO][0m  [00:05:53]   [+] Найден: LOGO_ROSATOM_rus_VERT_WHITE_PNG.png
[0;32m[OK][0m    [00:05:53] Поиск завершен. Найдено файлов: 4
[0;34m[INFO][0m  [00:05:53] Шаг 4: Проверяем, существует ли бакет 'nko-logo' на сервере...
[0;32m[OK][0m    [00:05:53] Бакет 'nko-logo' существует.
[0;34m[INFO][0m  [00:05:53] Шаг 5: Получаем список файлов, которые уже есть в бакете...
[0;34m[INFO][0m  [00:05:53] В бакете уже есть 4 файлов.
[0;34m[INFO][0m  [00:05:53] Шаг 6: Загружаем недостающие логотипы...
[0;34m[INFO][0m  [00:05:53]   Пропускаем: 'LOGO_ROSATOM_rus_VERT_COLOR_PNG.png' уже есть в бакете.
